<?xml version="1.0" encoding="UTF-8"?>
<!-- Generated by org.testng.reporters.JUnitReportReporter -->
<testsuite hostname="VinhL" failures="0" tests="1" name="api_learning.testng.TestParameter02" time="0.012" errors="0" timestamp="2022-08-19T17:46:54 ICT" skipped="0">
  <testcase classname="api_learning.testng.TestParameter02" name="testParameter" time="0.012"/>
  <system-out/>
</testsuite> <!-- api_learning.testng.TestParameter02 -->
