<?xml version="1.0" encoding="UTF-8"?>
<!-- Generated by org.testng.reporters.JUnitReportReporter -->
<testsuite hostname="VinhL" failures="0" tests="2" name="api_learning.testng.TestNGHooks02" time="0.056" errors="0" timestamp="2022-08-19T17:46:54 ICT" skipped="0">
  <testcase classname="api_learning.testng.TestNGHooks02" name="testSth02" time="0.014"/>
  <system-out/>
  <testcase classname="api_learning.testng.TestNGHooks02" name="testSth01" time="0.042"/>
  <system-out/>
</testsuite> <!-- api_learning.testng.TestNGHooks02 -->
